# JRE version: Java(TM) SE Runtime Environment (7.0_40-b43) (build 1.7.0_40-b43)
# Java VM: Java HotSpot(TM) 64-Bit Server VM (24.0-b56 mixed mode windows-amd64 compressed oops)
Heap
 PSYoungGen      total 323072K, used 54054K [0x00000000eaa80000, 0x00000000fff80000, 0x0000000100000000)
  eden space 297472K, 18% used [0x00000000eaa80000,0x00000000edf49a48,0x00000000fcd00000)
  from space 25600K, 0% used [0x00000000fcd00000,0x00000000fcd00000,0x00000000fe600000)
  to   space 25600K, 0% used [0x00000000fe680000,0x00000000fe680000,0x00000000fff80000)
 ParOldGen       total 79872K, used 51170K [0x00000000c0000000, 0x00000000c4e00000, 0x00000000eaa80000)
  object space 79872K, 64% used [0x00000000c0000000,0x00000000c31f8b00,0x00000000c4e00000)
 PSPermGen       total 104960K, used 59633K [0x00000000b0000000, 0x00000000b6680000, 0x00000000c0000000)
  object space 104960K, 56% used [0x00000000b0000000,0x00000000b3a3c688,0x00000000b6680000)
GC Heap History (10 events):
Event: 541.005 GC heap before
{Heap before GC invocations=16 (full 3):
 PSYoungGen      total 322048K, used 312267K [0x00000000eaa80000, 0x00000000fff00000, 0x0000000100000000)
  eden space 296448K, 100% used [0x00000000eaa80000,0x00000000fcc00000,0x00000000fcc00000)
  from space 25600K, 61% used [0x00000000fe600000,0x00000000ff572fb8,0x00000000fff00000)
  to   space 26112K, 0% used [0x00000000fcc00000,0x00000000fcc00000,0x00000000fe580000)
 ParOldGen       total 79872K, used 55355K [0x00000000c0000000, 0x00000000c4e00000, 0x00000000eaa80000)
  object space 79872K, 69% used [0x00000000c0000000,0x00000000c360ee78,0x00000000c4e00000)
 PSPermGen       total 107520K, used 59794K [0x00000000b0000000, 0x00000000b6900000, 0x00000000c0000000)
  object space 107520K, 55% used [0x00000000b0000000,0x00000000b3a64aa0,0x00000000b6900000)
Event: 541.033 GC heap after
Heap after GC invocations=16 (full 3):
 PSYoungGen      total 322560K, used 13065K [0x00000000eaa80000, 0x00000000ffe80000, 0x0000000100000000)
  eden space 296448K, 0% used [0x00000000eaa80000,0x00000000eaa80000,0x00000000fcc00000)
  from space 26112K, 50% used [0x00000000fcc00000,0x00000000fd8c2450,0x00000000fe580000)
  to   space 25088K, 0% used [0x00000000fe600000,0x00000000fe600000,0x00000000ffe80000)
 ParOldGen       total 79872K, used 55355K [0x00000000c0000000, 0x00000000c4e00000, 0x00000000eaa80000)
  object space 79872K, 69% used [0x00000000c0000000,0x00000000c360ee78,0x00000000c4e00000)
 PSPermGen       total 107520K, used 59794K [0x00000000b0000000, 0x00000000b6900000, 0x00000000c0000000)
  object space 107520K, 55% used [0x00000000b0000000,0x00000000b3a64aa0,0x00000000b6900000)
}
Event: 541.532 GC heap before
{Heap before GC invocations=17 (full 3):
 PSYoungGen      total 322560K, used 23282K [0x00000000eaa80000, 0x00000000ffe80000, 0x0000000100000000)
  eden space 296448K, 3% used [0x00000000eaa80000,0x00000000eb47a470,0x00000000fcc00000)
  from space 26112K, 50% used [0x00000000fcc00000,0x00000000fd8c2450,0x00000000fe580000)
  to   space 25088K, 0% used [0x00000000fe600000,0x00000000fe600000,0x00000000ffe80000)
 ParOldGen       total 79872K, used 55355K [0x00000000c0000000, 0x00000000c4e00000, 0x00000000eaa80000)
  object space 79872K, 69% used [0x00000000c0000000,0x00000000c360ee78,0x00000000c4e00000)
 PSPermGen       total 107520K, used 59942K [0x00000000b0000000, 0x00000000b6900000, 0x00000000c0000000)
  object space 107520K, 55% used [0x00000000b0000000,0x00000000b3a89a50,0x00000000b6900000)
Event: 541.542 GC heap after
Heap after GC invocations=17 (full 3):
 PSYoungGen      total 322560K, used 2592K [0x00000000eaa80000, 0x00000000fff80000, 0x0000000100000000)
  eden space 297472K, 0% used [0x00000000eaa80000,0x00000000eaa80000,0x00000000fcd00000)
  from space 25088K, 10% used [0x00000000fe600000,0x00000000fe888020,0x00000000ffe80000)
  to   space 25600K, 0% used [0x00000000fcd00000,0x00000000fcd00000,0x00000000fe600000)
 ParOldGen       total 79872K, used 55355K [0x00000000c0000000, 0x00000000c4e00000, 0x00000000eaa80000)
  object space 79872K, 69% used [0x00000000c0000000,0x00000000c360ee78,0x00000000c4e00000)
 PSPermGen       total 107520K, used 59942K [0x00000000b0000000, 0x00000000b6900000, 0x00000000c0000000)
  object space 107520K, 55% used [0x00000000b0000000,0x00000000b3a89a50,0x00000000b6900000)
}
Event: 541.542 GC heap before
{Heap before GC invocations=18 (full 4):
 PSYoungGen      total 322560K, used 2592K [0x00000000eaa80000, 0x00000000fff80000, 0x0000000100000000)
  eden space 297472K, 0% used [0x00000000eaa80000,0x00000000eaa80000,0x00000000fcd00000)
  from space 25088K, 10% used [0x00000000fe600000,0x00000000fe888020,0x00000000ffe80000)
  to   space 25600K, 0% used [0x00000000fcd00000,0x00000000fcd00000,0x00000000fe600000)
 ParOldGen       total 79872K, used 55355K [0x00000000c0000000, 0x00000000c4e00000, 0x00000000eaa80000)
  object space 79872K, 69% used [0x00000000c0000000,0x00000000c360ee78,0x00000000c4e00000)
 PSPermGen       total 107520K, used 59942K [0x00000000b0000000, 0x00000000b6900000, 0x00000000c0000000)
  object space 107520K, 55% used [0x00000000b0000000,0x00000000b3a89a50,0x00000000b6900000)
Event: 542.059 GC heap after
Heap after GC invocations=18 (full 4):
 PSYoungGen      total 322560K, used 0K [0x00000000eaa80000, 0x00000000fff80000, 0x0000000100000000)
  eden space 297472K, 0% used [0x00000000eaa80000,0x00000000eaa80000,0x00000000fcd00000)
  from space 25088K, 0% used [0x00000000fe600000,0x00000000fe600000,0x00000000ffe80000)
  to   space 25600K, 0% used [0x00000000fcd00000,0x00000000fcd00000,0x00000000fe600000)
 ParOldGen       total 79872K, used 49626K [0x00000000c0000000, 0x00000000c4e00000, 0x00000000eaa80000)
  object space 79872K, 62% used [0x00000000c0000000,0x00000000c3076888,0x00000000c4e00000)
 PSPermGen       total 107008K, used 59186K [0x00000000b0000000, 0x00000000b6880000, 0x00000000c0000000)
  object space 107008K, 55% used [0x00000000b0000000,0x00000000b39cc828,0x00000000b6880000)
}
Event: 747.586 GC heap before
{Heap before GC invocations=19 (full 4):
 PSYoungGen      total 322560K, used 195634K [0x00000000eaa80000, 0x00000000fff80000, 0x0000000100000000)
  eden space 297472K, 65% used [0x00000000eaa80000,0x00000000f698c848,0x00000000fcd00000)
  from space 25088K, 0% used [0x00000000fe600000,0x00000000fe600000,0x00000000ffe80000)
  to   space 25600K, 0% used [0x00000000fcd00000,0x00000000fcd00000,0x00000000fe600000)
 ParOldGen       total 79872K, used 49626K [0x00000000c0000000, 0x00000000c4e00000, 0x00000000eaa80000)
  object space 79872K, 62% used [0x00000000c0000000,0x00000000c3076888,0x00000000c4e00000)
 PSPermGen       total 107008K, used 60344K [0x00000000b0000000, 0x00000000b6880000, 0x00000000c0000000)
  object space 107008K, 56% used [0x00000000b0000000,0x00000000b3aee300,0x00000000b6880000)
Event: 747.599 GC heap after
Heap after GC invocations=19 (full 4):
 PSYoungGen      total 323072K, used 2743K [0x00000000eaa80000, 0x00000000fff80000, 0x0000000100000000)
  eden space 297472K, 0% used [0x00000000eaa80000,0x00000000eaa80000,0x00000000fcd00000)
  from space 25600K, 10% used [0x00000000fcd00000,0x00000000fcfadff8,0x00000000fe600000)
  to   space 25600K, 0% used [0x00000000fe680000,0x00000000fe680000,0x00000000fff80000)
 ParOldGen       total 79872K, used 49626K [0x00000000c0000000, 0x00000000c4e00000, 0x00000000eaa80000)
  object space 79872K, 62% used [0x00000000c0000000,0x00000000c3076888,0x00000000c4e00000)
 PSPermGen       total 107008K, used 60344K [0x00000000b0000000, 0x00000000b6880000, 0x00000000c0000000)
  object space 107008K, 56% used [0x00000000b0000000,0x00000000b3aee300,0x00000000b6880000)
}
Event: 747.599 GC heap before
{Heap before GC invocations=20 (full 5):
 PSYoungGen      total 323072K, used 2743K [0x00000000eaa80000, 0x00000000fff80000, 0x0000000100000000)
  eden space 297472K, 0% used [0x00000000eaa80000,0x00000000eaa80000,0x00000000fcd00000)
  from space 25600K, 10% used [0x00000000fcd00000,0x00000000fcfadff8,0x00000000fe600000)
  to   space 25600K, 0% used [0x00000000fe680000,0x00000000fe680000,0x00000000fff80000)
 ParOldGen       total 79872K, used 49626K [0x00000000c0000000, 0x00000000c4e00000, 0x00000000eaa80000)
  object space 79872K, 62% used [0x00000000c0000000,0x00000000c3076888,0x00000000c4e00000)
 PSPermGen       total 107008K, used 60344K [0x00000000b0000000, 0x00000000b6880000, 0x00000000c0000000)
  object space 107008K, 56% used [0x00000000b0000000,0x00000000b3aee300,0x00000000b6880000)
Event: 748.072 GC heap after
Heap after GC invocations=20 (full 5):
 PSYoungGen      total 323072K, used 0K [0x00000000eaa80000, 0x00000000fff80000, 0x0000000100000000)
  eden space 297472K, 0% used [0x00000000eaa80000,0x00000000eaa80000,0x00000000fcd00000)
  from space 25600K, 0% used [0x00000000fcd00000,0x00000000fcd00000,0x00000000fe600000)
  to   space 25600K, 0% used [0x00000000fe680000,0x00000000fe680000,0x00000000fff80000)
 ParOldGen       total 79872K, used 51170K [0x00000000c0000000, 0x00000000c4e00000, 0x00000000eaa80000)
  object space 79872K, 64% used [0x00000000c0000000,0x00000000c31f8b00,0x00000000c4e00000)
 PSPermGen       total 104960K, used 59586K [0x00000000b0000000, 0x00000000b6680000, 0x00000000c0000000)
  object space 104960K, 56% used [0x00000000b0000000,0x00000000b3a30900,0x00000000b6680000)
}

